{"/Users/ouyangyuchen/Documents/study/client-request-capture/src/core/bus.ts": {"path":"/Users/ouyangyuchen/Documents/study/client-request-capture/src/core/bus.ts","statementMap":{"0":{"start":{"line":12,"column":0},"end":{"line":12,"column":13}},"1":{"start":{"line":15,"column":4},"end":{"line":15,"column":22}},"2":{"start":{"line":18,"column":9},"end":{"line":30,"column":null}},"3":{"start":{"line":22,"column":25},"end":{"line":23,"column":55}},"4":{"start":{"line":25,"column":4},"end":{"line":29,"column":7}},"5":{"start":{"line":32,"column":9},"end":{"line":44,"column":null}},"6":{"start":{"line":36,"column":25},"end":{"line":37,"column":53}},"7":{"start":{"line":39,"column":4},"end":{"line":43,"column":7}},"8":{"start":{"line":46,"column":9},"end":{"line":58,"column":null}},"9":{"start":{"line":50,"column":25},"end":{"line":50,"column":44}},"10":{"start":{"line":51,"column":4},"end":{"line":57,"column":null}},"11":{"start":{"line":52,"column":6},"end":{"line":56,"column":9}},"12":{"start":{"line":53,"column":8},"end":{"line":55,"column":null}},"13":{"start":{"line":54,"column":10},"end":{"line":54,"column":38}},"14":{"start":{"line":60,"column":9},"end":{"line":72,"column":null}},"15":{"start":{"line":60,"column":2},"end":{"line":60,"column":9}},"16":{"start":{"line":62,"column":4},"end":{"line":62,"column":18}},"17":{"start":{"line":64,"column":4},"end":{"line":71,"column":null}},"18":{"start":{"line":65,"column":6},"end":{"line":70,"column":9}},"19":{"start":{"line":66,"column":8},"end":{"line":66,"column":33}},"20":{"start":{"line":67,"column":8},"end":{"line":69,"column":null}},"21":{"start":{"line":68,"column":10},"end":{"line":68,"column":50}},"22":{"start":{"line":73,"column":0},"end":{"line":73,"column":null}},"23":{"start":{"line":12,"column":13},"end":{"line":12,"column":21}},"24":{"start":{"line":75,"column":13},"end":{"line":75,"column":53}}},"fnMap":{"0":{"name":"(anonymous_0)","decl":{"start":{"line":12,"column":0},"end":{"line":12,"column":13}},"loc":{"start":{"line":12,"column":0},"end":{"line":73,"column":null}}},"1":{"name":"EventBus","decl":{"start":{"line":14,"column":2},"end":{"line":14,"column":null}},"loc":{"start":{"line":14,"column":2},"end":{"line":16,"column":3}}},"2":{"name":"(anonymous_2)","decl":{"start":{"line":18,"column":2},"end":{"line":18,"column":9}},"loc":{"start":{"line":20,"column":38},"end":{"line":30,"column":3}}},"3":{"name":"(anonymous_3)","decl":{"start":{"line":32,"column":2},"end":{"line":32,"column":9}},"loc":{"start":{"line":34,"column":38},"end":{"line":44,"column":3}}},"4":{"name":"(anonymous_4)","decl":{"start":{"line":46,"column":2},"end":{"line":46,"column":9}},"loc":{"start":{"line":48,"column":38},"end":{"line":58,"column":3}}},"5":{"name":"(anonymous_5)","decl":{"start":{"line":52,"column":27},"end":{"line":52,"column":28}},"loc":{"start":{"line":52,"column":34},"end":{"line":56,"column":7}}},"6":{"name":"(anonymous_6)","decl":{"start":{"line":60,"column":2},"end":{"line":60,"column":9}},"loc":{"start":{"line":61,"column":17},"end":{"line":72,"column":3}}},"7":{"name":"(anonymous_7)","decl":{"start":{"line":65,"column":34},"end":{"line":65,"column":35}},"loc":{"start":{"line":65,"column":41},"end":{"line":70,"column":7}}}},"branchMap":{"0":{"loc":{"start":{"line":22,"column":25},"end":{"line":22,"column":44}},"type":"binary-expr","locations":[{"start":{"line":22,"column":25},"end":{"line":22,"column":44}},{"start":{"line":23,"column":10},"end":{"line":23,"column":54}}]},"1":{"loc":{"start":{"line":36,"column":25},"end":{"line":36,"column":44}},"type":"binary-expr","locations":[{"start":{"line":36,"column":25},"end":{"line":36,"column":44}},{"start":{"line":37,"column":8},"end":{"line":37,"column":52}}]},"2":{"loc":{"start":{"line":51,"column":4},"end":{"line":57,"column":null}},"type":"if","locations":[{"start":{"line":51,"column":4},"end":{"line":57,"column":null}},{"start":{"line":51,"column":4},"end":{"line":57,"column":null}}]},"3":{"loc":{"start":{"line":53,"column":8},"end":{"line":55,"column":null}},"type":"if","locations":[{"start":{"line":53,"column":8},"end":{"line":55,"column":null}},{"start":{"line":53,"column":8},"end":{"line":55,"column":null}}]},"4":{"loc":{"start":{"line":64,"column":4},"end":{"line":71,"column":null}},"type":"if","locations":[{"start":{"line":64,"column":4},"end":{"line":71,"column":null}},{"start":{"line":64,"column":4},"end":{"line":71,"column":null}}]},"5":{"loc":{"start":{"line":67,"column":8},"end":{"line":69,"column":null}},"type":"if","locations":[{"start":{"line":67,"column":8},"end":{"line":69,"column":null}},{"start":{"line":67,"column":8},"end":{"line":69,"column":null}}]}},"s":{"0":1,"1":2,"2":1,"3":2,"4":2,"5":1,"6":1,"7":1,"8":1,"9":2,"10":2,"11":2,"12":2,"13":2,"14":1,"15":2,"16":5,"17":2,"18":2,"19":2,"20":2,"21":1,"22":1,"23":1,"24":1},"f":{"0":1,"1":2,"2":2,"3":1,"4":2,"5":2,"6":2,"7":2},"b":{"0":[2,2],"1":[1,1],"2":[2,0],"3":[2,0],"4":[2,0],"5":[1,1]}}
}
