TN:
SF:src/core/bus.ts
FN:12,(anonymous_0)
FN:14,EventBus
FN:18,(anonymous_2)
FN:32,(anonymous_3)
FN:46,(anonymous_4)
FN:52,(anonymous_5)
FN:60,(anonymous_6)
FN:65,(anonymous_7)
FNF:8
FNH:8
FNDA:1,(anonymous_0)
FNDA:2,EventBus
FNDA:2,(anonymous_2)
FNDA:1,(anonymous_3)
FNDA:2,(anonymous_4)
FNDA:2,(anonymous_5)
FNDA:2,(anonymous_6)
FNDA:2,(anonymous_7)
DA:12,1
DA:15,2
DA:18,1
DA:22,2
DA:25,2
DA:32,1
DA:36,1
DA:39,1
DA:46,1
DA:50,2
DA:51,2
DA:52,2
DA:53,2
DA:54,2
DA:60,2
DA:62,5
DA:64,2
DA:65,2
DA:66,2
DA:67,2
DA:68,1
DA:73,1
DA:75,1
LF:23
LH:23
BRDA:22,0,0,2
BRDA:22,0,1,2
BRDA:36,1,0,1
BRDA:36,1,1,1
BRDA:51,2,0,2
BRDA:51,2,1,0
BRDA:53,3,0,2
BRDA:53,3,1,0
BRDA:64,4,0,2
BRDA:64,4,1,0
BRDA:67,5,0,1
BRDA:67,5,1,1
BRF:12
BRH:9
end_of_record
